{
  "stats": {
    "suites": 1,
    "tests": 2,
    "passes": 2,
    "pending": 0,
    "failures": 0,
    "start": "2022-06-15T13:45:29.784Z",
    "end": "2022-06-15T13:45:33.464Z",
    "duration": 3680,
    "testsRegistered": 2,
    "passPercent": 100,
    "pendingPercent": 0,
    "other": 0,
    "hasOther": false,
    "skipped": 0,
    "hasSkipped": false
  },
  "results": [
    {
      "uuid": "867ede34-78f5-4343-9d14-20e2d1a1b1b2",
      "title": "",
      "fullFile": "cypress/e2e/answer.cy.js",
      "file": "cypress/e2e/answer.cy.js",
      "beforeHooks": [],
      "afterHooks": [],
      "tests": [],
      "suites": [
        {
          "uuid": "05db8860-4d6b-4ffa-bbe5-d63438a1117c",
          "title": "Answer Digital",
          "fullFile": "",
          "file": "",
          "beforeHooks": [],
          "afterHooks": [],
          "tests": [
            {
              "title": "Test who we are page",
              "fullTitle": "Answer Digital Test who we are page",
              "timedOut": null,
              "duration": 982,
              "state": "passed",
              "speed": "fast",
              "pass": true,
              "fail": false,
              "pending": false,
              "context": null,
              "code": "cy.visit('https://answerdigital.com');\ncy.title().should('include', 'Answer');\ncy.get('span').contains('Who we are').click();\ncy.contains('Proudly independent');\ncy.get('span').contains('OUR ISO14001 POLICY').click();",
              "err": {},
              "uuid": "bcedcb84-9fbb-4552-a700-38e434c867ee",
              "parentUUID": "05db8860-4d6b-4ffa-bbe5-d63438a1117c",
              "isHook": false,
              "skipped": false
            },
            {
              "title": "Test Insights page",
              "fullTitle": "Answer Digital Test Insights page",
              "timedOut": null,
              "duration": 1185,
              "state": "passed",
              "speed": "fast",
              "pass": true,
              "fail": false,
              "pending": false,
              "context": null,
              "code": "cy.visit('https://answerdigital.com');\ncy.get('span').contains('Insights').should('be.visible').click({\n  force: true\n});\ncy.get('span').contains('Technology').click();\ncy.contains('The NHS Needs AI Education').click();\ncy.contains('Four pillars of education');\ncy.contains('Quality control');",
              "err": {},
              "uuid": "6fd7cae7-6055-42e3-be67-75af98982096",
              "parentUUID": "05db8860-4d6b-4ffa-bbe5-d63438a1117c",
              "isHook": false,
              "skipped": false
            }
          ],
          "suites": [],
          "passes": [
            "bcedcb84-9fbb-4552-a700-38e434c867ee",
            "6fd7cae7-6055-42e3-be67-75af98982096"
          ],
          "failures": [],
          "pending": [],
          "skipped": [],
          "duration": 2167,
          "root": false,
          "rootEmpty": false,
          "_timeout": 2000
        }
      ],
      "passes": [],
      "failures": [],
      "pending": [],
      "skipped": [],
      "duration": 0,
      "root": true,
      "rootEmpty": true,
      "_timeout": 2000
    }
  ],
  "meta": {
    "mocha": {
      "version": "7.0.1"
    },
    "mochawesome": {
      "options": {
        "quiet": false,
        "reportFilename": "mochawesome",
        "saveHtml": true,
        "saveJson": true,
        "consoleReporter": "spec",
        "useInlineDiffs": false,
        "code": true
      },
      "version": "7.1.3"
    },
    "marge": {
      "options": null,
      "version": "6.2.0"
    }
  }
}