{
  "stats": {
    "suites": 1,
    "tests": 1,
    "passes": 1,
    "pending": 0,
    "failures": 0,
    "start": "2022-06-15T13:16:02.388Z",
    "end": "2022-06-15T13:16:09.606Z",
    "duration": 7218,
    "testsRegistered": 1,
    "passPercent": 100,
    "pendingPercent": 0,
    "other": 0,
    "hasOther": false,
    "skipped": 0,
    "hasSkipped": false
  },
  "results": [
    {
      "uuid": "49f775c1-479b-478a-9a7b-832e1da47b56",
      "title": "",
      "fullFile": "cypress/e2e/conduit.cy.js",
      "file": "cypress/e2e/conduit.cy.js",
      "beforeHooks": [],
      "afterHooks": [],
      "tests": [],
      "suites": [
        {
          "uuid": "b6616815-e0a8-42b8-9094-fbcc7e5b34fb",
          "title": "Conduit React App",
          "fullFile": "",
          "file": "",
          "beforeHooks": [],
          "afterHooks": [],
          "tests": [
            {
              "title": "Test the react app",
              "fullTitle": "Conduit React App Test the react app",
              "timedOut": null,
              "duration": 5419,
              "state": "passed",
              "speed": "medium",
              "pass": true,
              "fail": false,
              "pending": false,
              "context": null,
              "code": "cy.visit('https://react-redux.realworld.io/');\ncy.title().should('include', 'Conduit');\ncy.contains('Sign in').click();\ncy.get('input[type=\"email\"]').type('vikibiki18@gmail.com');\ncy.get('input[type=\"password\"]').type('Wipro@123');\ncy.get('button[type=\"submit\"]').click();\ncy.contains('No articles are here... yet.');\ncy.contains('New Post').click();\ncy.get('input[placeholder=\"Article Title\"]').type('Dev-Test Pairing');\ncy.get('input[placeholder=\"What\\'s this article about?\"]').type('Shift left');\ncy.get('textarea[placeholder=\"Write your article (in markdown)\"]').type('Early testing');\ncy.get('input[placeholder=\"Enter tags\"]').type('Testing');\ncy.contains('Publish Article').click();",
              "err": {},
              "uuid": "1ab1c68c-2a18-4039-83bc-1215d5dfd659",
              "parentUUID": "b6616815-e0a8-42b8-9094-fbcc7e5b34fb",
              "isHook": false,
              "skipped": false
            }
          ],
          "suites": [],
          "passes": [
            "1ab1c68c-2a18-4039-83bc-1215d5dfd659"
          ],
          "failures": [],
          "pending": [],
          "skipped": [],
          "duration": 5419,
          "root": false,
          "rootEmpty": false,
          "_timeout": 2000
        }
      ],
      "passes": [],
      "failures": [],
      "pending": [],
      "skipped": [],
      "duration": 0,
      "root": true,
      "rootEmpty": true,
      "_timeout": 2000
    }
  ],
  "meta": {
    "mocha": {
      "version": "7.0.1"
    },
    "mochawesome": {
      "options": {
        "quiet": false,
        "reportFilename": "mochawesome",
        "saveHtml": true,
        "saveJson": true,
        "consoleReporter": "spec",
        "useInlineDiffs": false,
        "code": true
      },
      "version": "7.1.3"
    },
    "marge": {
      "options": null,
      "version": "6.2.0"
    }
  }
}